         0     1723.8     6821.3     41.306     0.012745639   0.00095036115               0               0               0 
         2     1723.8     6821.3     41.305     0.012720638    0.0009534109    -0.001621085   -0.0012175185  -1.0343184e-08 
         2     1723.8     6821.3     41.305     0.012720638    0.0009534109    -0.001621085   -0.0012175185  -1.0343184e-08 
         0     2479.2     9767.2     60.862     0.011558132     0.011558132               0               0               0 
    2.0347     2461.4     9597.3     60.295     0.011204377     0.010756186  -0.00098652089  -0.00087617804  -0.00041044253 
    4.4167       2442     9416.2     59.717     0.010706431    0.0098343463   -0.0010944277   -0.0010723191  -0.00074436833 
     6.221     2428.3     9290.9     58.571      0.01030998    0.0091791516   -0.0012228719   -0.0013634624   -0.0010608344 
    8.1542     2414.6     9167.1     57.816    0.0099253372    0.0084945277   -0.0083778286    -0.034614698    -0.039207717 
    10.223     2400.9     9045.8     56.725    0.0094980997    0.0077933362    -0.068498606    -0.074371955    -0.090972447 
    12.189     2388.7     8940.6     54.559    0.0090920835    0.0071642055     -0.17281935     -0.15084508     -0.18268787 
    15.332     2371.1     8791.1     52.214    0.0084529545    0.0062904071     -0.36544145     -0.29885883     -0.34467151 
    16.975     2362.7     8721.4     49.493    0.0082389312    0.0059353801     -0.46708637     -0.38117452     -0.41828155 
     18.17       2357     8674.6      49.27      0.00807146    0.0057019131     -0.68409906     -0.55947815     -0.62628038 
        20     2348.8     8608.6     45.651     0.007834341    0.0053301024     -0.80757281     -0.63981011     -0.69833563 
        20     2348.8     8608.6     45.651     0.007834341    0.0053301024     -0.80757281     -0.63981011     -0.69833563 
         0     1724.4       6824     41.332     0.012827909    0.0010631599               0               0               0 
    2.0243     1724.4       6824     41.332      0.01279351    0.0010581606   -0.0016191027   -0.0012165581  -4.1778859e-08 
    4.0257     1724.4       6824     41.332     0.012778984    0.0010608932   -0.0017206366   -0.0013735679  -5.4409977e-08 
    6.0337     1724.4       6824     41.332     0.012767032    0.0010683755   -0.0017845503   -0.0014772039  -5.8392274e-08 
    8.0062     1724.4       6824     41.332     0.012761099    0.0010744863   -0.0018282513    -0.001550187  -4.5335957e-08 
    10.016     1724.4       6824     41.332     0.012758614    0.0010799401    -0.001888295   -0.0016320555   3.3331652e-06 
     12.03     1724.4       6824     41.332     0.012758643    0.0010842514   -0.0018850682   -0.0016468984  -9.4179107e-05 
     14.03     1724.4       6824     41.332      0.01276332    0.0010866489   -0.0018364515   -0.0016176992  -0.00022934136 
    16.006     1724.4       6824     41.332     0.012766196     0.001086574   -0.0018212065   -0.0016162841  -0.00034981788 
    18.014     1724.4       6824     41.332     0.012764308      0.00108489   -0.0018140524   -0.0016199002  -0.00048619431 
         0     1723.8     6821.3     41.307     0.012880552   0.00096042073               0               0               0 
         0     1723.8     6821.3      41.31     0.012978877   0.00096775225               0               0               0 
